2022-12-14 22:03:36,534 INFO  [Log] ** 
2022-12-14 22:03:36,535 INFO  [Log] ** 
2022-12-14 22:03:36,537 INFO  [Log] ############   My first test case is Login test ################ 
2022-12-14 22:03:36,537 INFO  [Log] ** 
2022-12-14 22:03:36,537 INFO  [Log] ** 
2022-12-14 22:04:41,915 INFO  [Log] ** 
2022-12-14 22:04:41,915 INFO  [Log] ** 
2022-12-14 22:04:41,917 INFO  [Log] ############   My first test case is Login test ################ 
2022-12-14 22:04:41,918 INFO  [Log] ** 
2022-12-14 22:04:41,918 INFO  [Log] ** 
2022-12-14 22:04:41,918 INFO  [Log] My login test is going on 
2022-12-14 22:04:41,918 INFO  [Log] My test case might be failed 
2022-12-14 22:04:44,353 INFO  [Log] My test case is about to complete 
2022-12-14 22:04:44,354 INFO  [Log] ################################## 
2022-12-14 22:04:44,354 INFO  [Log] ########################################## 
2022-12-14 22:04:44,354 INFO  [Log] ############   This is my login test again ################ 
2022-12-14 22:04:44,354 INFO  [Log] ########################## 
2022-12-14 22:04:44,354 INFO  [Log] ########################################## 
2022-12-18 07:42:04,423 INFO  [Log] ** 
2022-12-18 07:42:04,424 INFO  [Log] ** 
2022-12-18 07:42:04,425 INFO  [Log] ############   My first test case is Login test ################ 
2022-12-18 07:42:04,425 INFO  [Log] ** 
2022-12-18 07:42:04,425 INFO  [Log] ** 
2022-12-18 07:42:04,425 INFO  [Log] My login test is going on 
2022-12-18 07:42:04,425 INFO  [Log] My test case might be failed 
2022-12-18 07:42:46,811 INFO  [Log] My test case is about to complete 
2022-12-18 07:42:46,811 INFO  [Log] ################################## 
2022-12-18 07:42:46,811 INFO  [Log] ########################################## 
2022-12-18 07:42:46,811 INFO  [Log] ############   This is my login test again ################ 
2022-12-18 07:42:46,811 INFO  [Log] ########################## 
2022-12-18 07:42:46,811 INFO  [Log] ########################################## 
2022-12-19 09:12:07,996 INFO  [Log] ** 
2022-12-19 09:12:07,996 INFO  [Log] ** 
2022-12-19 09:12:07,998 INFO  [Log] ############   My first test case is Login test ################ 
2022-12-19 09:12:07,998 INFO  [Log] ** 
2022-12-19 09:12:07,998 INFO  [Log] ** 
2022-12-19 09:12:07,998 INFO  [Log] My login test is going on 
2022-12-19 09:12:07,998 INFO  [Log] My test case might be failed 
2022-12-19 09:12:49,833 INFO  [Log] My test case is about to complete 
2022-12-19 09:12:49,833 INFO  [Log] ################################## 
2022-12-19 09:12:49,833 INFO  [Log] ########################################## 
2022-12-19 09:12:49,833 INFO  [Log] ############   This is my login test again ################ 
2022-12-19 09:12:49,833 INFO  [Log] ########################## 
2022-12-19 09:12:49,833 INFO  [Log] ########################################## 
2022-12-20 15:23:11,966 INFO  [Log] ** 
2022-12-20 15:23:11,966 INFO  [Log] ** 
2022-12-20 15:23:11,971 INFO  [Log] ############   My first test case is Login test ################ 
2022-12-20 15:23:11,971 INFO  [Log] ** 
2022-12-20 15:23:11,971 INFO  [Log] ** 
2022-12-20 15:23:11,971 INFO  [Log] My login test is going on 
2022-12-20 15:23:11,971 INFO  [Log] My test case might be failed 
2022-12-20 15:23:27,586 INFO  [Log] My test case is about to complete 
2022-12-20 15:23:27,586 INFO  [Log] ################################## 
2022-12-20 15:23:27,586 INFO  [Log] ########################################## 
2022-12-20 15:23:27,586 INFO  [Log] ############   This is my login test again ################ 
2022-12-20 15:23:27,587 INFO  [Log] ########################## 
2022-12-20 15:23:27,587 INFO  [Log] ########################################## 
2022-12-20 15:25:52,709 INFO  [Log] ** 
2022-12-20 15:25:52,710 INFO  [Log] ** 
2022-12-20 15:25:52,711 INFO  [Log] ############   My first test case is Login test ################ 
2022-12-20 15:25:52,711 INFO  [Log] ** 
2022-12-20 15:25:52,711 INFO  [Log] ** 
2022-12-20 15:25:52,711 INFO  [Log] My login test is going on 
2022-12-20 15:25:52,711 INFO  [Log] My test case might be failed 
2022-12-20 15:26:35,334 INFO  [Log] My test case is about to complete 
2022-12-20 15:26:35,334 INFO  [Log] ################################## 
2022-12-20 15:26:35,336 INFO  [Log] ########################################## 
2022-12-20 15:26:35,336 INFO  [Log] ############   This is my login test again ################ 
2022-12-20 15:26:35,336 INFO  [Log] ########################## 
2022-12-20 15:26:35,336 INFO  [Log] ########################################## 
2022-12-21 18:57:14,795 INFO  [Log] ** 
2022-12-21 18:57:14,795 INFO  [Log] ** 
2022-12-21 18:57:14,795 INFO  [Log] ############   My first test case is Login test ################ 
2022-12-21 18:57:14,795 INFO  [Log] ** 
2022-12-21 18:57:14,795 INFO  [Log] ** 
2022-12-21 18:57:14,795 INFO  [Log] My login test is going on 
2022-12-21 18:57:14,795 INFO  [Log] My test case might be failed 
2022-12-21 18:57:30,629 INFO  [Log] My test case is about to complete 
2022-12-21 18:57:30,629 INFO  [Log] ################################## 
2022-12-21 18:57:30,629 INFO  [Log] ########################################## 
2022-12-21 18:57:30,630 INFO  [Log] ############   This is my login test again ################ 
2022-12-21 18:57:30,630 INFO  [Log] ########################## 
2022-12-21 18:57:30,630 INFO  [Log] ########################################## 
2022-12-21 19:02:15,587 INFO  [Log] ** 
2022-12-21 19:02:15,587 INFO  [Log] ** 
2022-12-21 19:02:15,587 INFO  [Log] ############   My first test case is Login test ################ 
2022-12-21 19:02:15,587 INFO  [Log] ** 
2022-12-21 19:02:15,587 INFO  [Log] ** 
2022-12-21 19:02:15,587 INFO  [Log] My login test is going on 
2022-12-21 19:02:15,587 INFO  [Log] My test case might be failed 
2022-12-21 19:02:59,412 INFO  [Log] My test case is about to complete 
2022-12-21 19:02:59,412 INFO  [Log] ################################## 
2022-12-21 19:02:59,412 INFO  [Log] ########################################## 
2022-12-21 19:02:59,412 INFO  [Log] ############   This is my login test again ################ 
2022-12-21 19:02:59,412 INFO  [Log] ########################## 
2022-12-21 19:02:59,412 INFO  [Log] ########################################## 
2022-12-24 06:35:55,038 INFO  [Log] ** 
2022-12-24 06:35:55,038 INFO  [Log] ** 
2022-12-24 06:35:55,038 INFO  [Log] ############   My first test case is Login test ################ 
2022-12-24 06:35:55,038 INFO  [Log] ** 
2022-12-24 06:35:55,038 INFO  [Log] ** 
2022-12-24 06:35:55,038 INFO  [Log] My login test is going on 
2022-12-24 06:35:55,038 INFO  [Log] My test case might be failed 
2022-12-24 06:36:11,004 INFO  [Log] My test case is about to complete 
2022-12-24 06:36:11,004 INFO  [Log] ################################## 
2022-12-24 06:36:11,004 INFO  [Log] ########################################## 
2022-12-24 06:36:11,004 INFO  [Log] ############   This is my login test again ################ 
2022-12-24 06:36:11,004 INFO  [Log] ########################## 
2022-12-24 06:36:11,004 INFO  [Log] ########################################## 
2022-12-24 06:39:57,971 INFO  [Log] ** 
2022-12-24 06:39:57,972 INFO  [Log] ** 
2022-12-24 06:39:57,972 INFO  [Log] ############   My first test case is Login test ################ 
2022-12-24 06:39:57,972 INFO  [Log] ** 
2022-12-24 06:39:57,972 INFO  [Log] ** 
2022-12-24 06:39:57,972 INFO  [Log] My login test is going on 
2022-12-24 06:39:57,972 INFO  [Log] My test case might be failed 
2022-12-24 06:40:39,557 INFO  [Log] My test case is about to complete 
2022-12-24 06:40:39,557 INFO  [Log] ################################## 
2022-12-24 06:40:39,557 INFO  [Log] ########################################## 
2022-12-24 06:40:39,557 INFO  [Log] ############   This is my login test again ################ 
2022-12-24 06:40:39,557 INFO  [Log] ########################## 
2022-12-24 06:40:39,557 INFO  [Log] ########################################## 
2022-12-24 06:44:06,202 INFO  [Log] ** 
2022-12-24 06:44:06,202 INFO  [Log] ** 
2022-12-24 06:44:06,202 INFO  [Log] ############   My first test case is Login test ################ 
2022-12-24 06:44:06,202 INFO  [Log] ** 
2022-12-24 06:44:06,202 INFO  [Log] ** 
2022-12-24 06:44:06,202 INFO  [Log] My login test is going on 
2022-12-24 06:44:06,202 INFO  [Log] My test case might be failed 
2022-12-24 06:44:48,856 INFO  [Log] My test case is about to complete 
2022-12-24 06:44:48,856 INFO  [Log] ################################## 
2022-12-24 06:44:48,856 INFO  [Log] ########################################## 
2022-12-24 06:44:48,856 INFO  [Log] ############   This is my login test again ################ 
2022-12-24 06:44:48,856 INFO  [Log] ########################## 
2022-12-24 06:44:48,856 INFO  [Log] ########################################## 
2023-01-09 16:59:20,912 INFO  [Log] ** 
2023-01-09 16:59:20,912 INFO  [Log] ** 
2023-01-09 16:59:20,912 INFO  [Log] ############   My first test case is Login test ################ 
2023-01-09 16:59:20,912 INFO  [Log] ** 
2023-01-09 16:59:20,912 INFO  [Log] ** 
2023-01-09 16:59:20,912 INFO  [Log] My login test is going on 
2023-01-09 16:59:20,913 INFO  [Log] My test case might be failed 
2023-01-09 16:59:28,850 INFO  [Log] My test case is about to complete 
2023-01-09 16:59:28,851 INFO  [Log] ################################## 
2023-01-09 16:59:28,851 INFO  [Log] ########################################## 
2023-01-09 16:59:28,852 INFO  [Log] ############   This is my login test again ################ 
2023-01-09 16:59:28,852 INFO  [Log] ########################## 
2023-01-09 16:59:28,852 INFO  [Log] ########################################## 
2023-01-09 17:00:31,266 INFO  [Log] ** 
2023-01-09 17:00:31,266 INFO  [Log] ** 
2023-01-09 17:00:31,267 INFO  [Log] ############   My first test case is Login test ################ 
2023-01-09 17:00:31,267 INFO  [Log] ** 
2023-01-09 17:00:31,267 INFO  [Log] ** 
2023-01-09 17:00:31,267 INFO  [Log] My login test is going on 
2023-01-09 17:00:31,267 INFO  [Log] My test case might be failed 
2023-01-09 17:00:38,856 INFO  [Log] My test case is about to complete 
2023-01-09 17:00:38,856 INFO  [Log] ################################## 
2023-01-09 17:00:38,856 INFO  [Log] ########################################## 
2023-01-09 17:00:38,856 INFO  [Log] ############   This is my login test again ################ 
2023-01-09 17:00:38,856 INFO  [Log] ########################## 
2023-01-09 17:00:38,856 INFO  [Log] ########################################## 
2023-01-09 21:16:56,098 INFO  [Log] ** 
2023-01-09 21:16:56,098 INFO  [Log] ** 
2023-01-09 21:16:56,098 INFO  [Log] ############   My first test case is Login test ################ 
2023-01-09 21:16:56,098 INFO  [Log] ** 
2023-01-09 21:16:56,098 INFO  [Log] ** 
2023-01-09 21:16:56,098 INFO  [Log] My login test is going on 
2023-01-09 21:16:56,098 INFO  [Log] My test case might be failed 
2023-01-09 21:17:12,110 INFO  [Log] My test case is about to complete 
2023-01-09 21:17:12,111 INFO  [Log] ################################## 
2023-01-09 21:17:12,111 INFO  [Log] ########################################## 
2023-01-09 21:17:12,111 INFO  [Log] ############   This is my login test again ################ 
2023-01-09 21:17:12,111 INFO  [Log] ########################## 
2023-01-09 21:17:12,111 INFO  [Log] ########################################## 
2023-01-09 21:20:01,006 INFO  [Log] ** 
2023-01-09 21:20:01,006 INFO  [Log] ** 
2023-01-09 21:20:01,006 INFO  [Log] ############   My first test case is Login test ################ 
2023-01-09 21:20:01,006 INFO  [Log] ** 
2023-01-09 21:20:01,006 INFO  [Log] ** 
2023-01-09 21:20:01,006 INFO  [Log] My login test is going on 
2023-01-09 21:20:01,006 INFO  [Log] My test case might be failed 
2023-01-09 21:20:17,477 INFO  [Log] My test case is about to complete 
2023-01-09 21:20:17,477 INFO  [Log] ################################## 
2023-01-09 21:20:17,477 INFO  [Log] ########################################## 
2023-01-09 21:20:17,477 INFO  [Log] ############   This is my login test again ################ 
2023-01-09 21:20:17,477 INFO  [Log] ########################## 
2023-01-09 21:20:17,477 INFO  [Log] ########################################## 
2023-01-09 21:22:53,632 INFO  [Log] ** 
2023-01-09 21:22:53,632 INFO  [Log] ** 
2023-01-09 21:22:53,633 INFO  [Log] ############   My first test case is Login test ################ 
2023-01-09 21:22:53,633 INFO  [Log] ** 
2023-01-09 21:22:53,633 INFO  [Log] ** 
2023-01-09 21:22:53,633 INFO  [Log] My login test is going on 
2023-01-09 21:22:53,633 INFO  [Log] My test case might be failed 
2023-01-09 21:23:09,828 INFO  [Log] My test case is about to complete 
2023-01-09 21:23:09,828 INFO  [Log] ################################## 
2023-01-09 21:23:09,828 INFO  [Log] ########################################## 
2023-01-09 21:23:09,828 INFO  [Log] ############   This is my login test again ################ 
2023-01-09 21:23:09,828 INFO  [Log] ########################## 
2023-01-09 21:23:09,829 INFO  [Log] ########################################## 
2023-01-09 21:26:09,268 INFO  [Log] ** 
2023-01-09 21:26:09,268 INFO  [Log] ** 
2023-01-09 21:26:09,268 INFO  [Log] ############   My first test case is Login test ################ 
2023-01-09 21:26:09,268 INFO  [Log] ** 
2023-01-09 21:26:09,268 INFO  [Log] ** 
2023-01-09 21:26:09,268 INFO  [Log] My login test is going on 
2023-01-09 21:26:09,268 INFO  [Log] My test case might be failed 
2023-01-09 21:26:25,473 INFO  [Log] My test case is about to complete 
2023-01-09 21:26:25,473 INFO  [Log] ################################## 
2023-01-09 21:26:25,473 INFO  [Log] ########################################## 
2023-01-09 21:26:25,473 INFO  [Log] ############   This is my login test again ################ 
2023-01-09 21:26:25,473 INFO  [Log] ########################## 
2023-01-09 21:26:25,473 INFO  [Log] ########################################## 
2023-01-09 21:33:02,449 INFO  [Log] ** 
2023-01-09 21:33:02,449 INFO  [Log] ** 
2023-01-09 21:33:02,449 INFO  [Log] ############   My first test case is Login test ################ 
2023-01-09 21:33:02,449 INFO  [Log] ** 
2023-01-09 21:33:02,449 INFO  [Log] ** 
2023-01-09 21:33:02,449 INFO  [Log] My login test is going on 
2023-01-09 21:33:02,449 INFO  [Log] My test case might be failed 
2023-01-09 21:33:18,945 INFO  [Log] My test case is about to complete 
2023-01-09 21:33:18,945 INFO  [Log] ################################## 
2023-01-09 21:33:18,945 INFO  [Log] ########################################## 
2023-01-09 21:33:18,945 INFO  [Log] ############   This is my login test again ################ 
2023-01-09 21:33:18,945 INFO  [Log] ########################## 
2023-01-09 21:33:18,945 INFO  [Log] ########################################## 
2023-01-09 21:38:07,588 INFO  [Log] ** 
2023-01-09 21:38:07,588 INFO  [Log] ** 
2023-01-09 21:38:07,588 INFO  [Log] ############   My first test case is Login test ################ 
2023-01-09 21:38:07,588 INFO  [Log] ** 
2023-01-09 21:38:07,588 INFO  [Log] ** 
2023-01-09 21:38:07,588 INFO  [Log] My login test is going on 
2023-01-09 21:38:07,588 INFO  [Log] My test case might be failed 
2023-01-09 21:38:23,921 INFO  [Log] My test case is about to complete 
2023-01-09 21:38:23,921 INFO  [Log] ################################## 
2023-01-09 21:38:23,921 INFO  [Log] ########################################## 
2023-01-09 21:38:23,921 INFO  [Log] ############   This is my login test again ################ 
2023-01-09 21:38:23,921 INFO  [Log] ########################## 
2023-01-09 21:38:23,921 INFO  [Log] ########################################## 
2023-01-09 21:44:51,614 INFO  [Log] ** 
2023-01-09 21:44:51,615 INFO  [Log] ** 
2023-01-09 21:44:51,615 INFO  [Log] ############   My first test case is Login test ################ 
2023-01-09 21:44:51,615 INFO  [Log] ** 
2023-01-09 21:44:51,615 INFO  [Log] ** 
2023-01-09 21:44:51,615 INFO  [Log] My login test is going on 
2023-01-09 21:44:51,615 INFO  [Log] My test case might be failed 
2023-01-09 21:45:08,126 INFO  [Log] My test case is about to complete 
2023-01-09 21:45:08,126 INFO  [Log] ################################## 
2023-01-09 21:45:08,126 INFO  [Log] ########################################## 
2023-01-09 21:45:08,126 INFO  [Log] ############   This is my login test again ################ 
2023-01-09 21:45:08,126 INFO  [Log] ########################## 
2023-01-09 21:45:08,126 INFO  [Log] ########################################## 
2023-01-10 15:42:26,081 INFO  [Log] ** 
2023-01-10 15:42:26,081 INFO  [Log] ** 
2023-01-10 15:42:26,081 INFO  [Log] ############   My first test case is Login test ################ 
2023-01-10 15:42:26,081 INFO  [Log] ** 
2023-01-10 15:42:26,081 INFO  [Log] ** 
2023-01-10 15:42:26,081 INFO  [Log] My login test is going on 
2023-01-10 15:42:26,081 INFO  [Log] My test case might be failed 
2023-01-10 15:42:43,994 INFO  [Log] My test case is about to complete 
2023-01-10 15:42:43,994 INFO  [Log] ################################## 
2023-01-10 15:42:43,994 INFO  [Log] ########################################## 
2023-01-10 15:42:43,994 INFO  [Log] ############   This is my login test again ################ 
2023-01-10 15:42:43,994 INFO  [Log] ########################## 
2023-01-10 15:42:43,994 INFO  [Log] ########################################## 
2023-01-17 22:03:30,554 INFO  [Log] ** 
2023-01-17 22:03:30,555 INFO  [Log] ** 
2023-01-17 22:03:30,555 INFO  [Log] ############   My first test case is Login test ################ 
2023-01-17 22:03:30,555 INFO  [Log] ** 
2023-01-17 22:03:30,555 INFO  [Log] ** 
2023-01-17 22:03:30,555 INFO  [Log] My login test is going on 
2023-01-17 22:03:30,555 INFO  [Log] My test case might be failed 
2023-01-17 22:03:48,479 INFO  [Log] My test case is about to complete 
2023-01-17 22:03:48,479 INFO  [Log] ################################## 
2023-01-17 22:03:48,479 INFO  [Log] ########################################## 
2023-01-17 22:03:48,479 INFO  [Log] ############   This is my login test again ################ 
2023-01-17 22:03:48,479 INFO  [Log] ########################## 
2023-01-17 22:03:48,479 INFO  [Log] ########################################## 
2023-02-19 13:33:17,258 INFO  [Log] ** 
2023-02-19 13:33:17,259 INFO  [Log] ** 
2023-02-19 13:33:17,259 INFO  [Log] ############   My first test case is Login test ################ 
2023-02-19 13:33:17,259 INFO  [Log] ** 
2023-02-19 13:33:17,259 INFO  [Log] ** 
2023-02-19 13:33:17,259 INFO  [Log] My login test is going on 
2023-02-19 13:33:17,259 INFO  [Log] My test case might be failed 
2023-02-19 13:33:35,585 INFO  [Log] My test case is about to complete 
2023-02-19 13:33:35,585 INFO  [Log] ################################## 
2023-02-19 13:33:35,585 INFO  [Log] ########################################## 
2023-02-19 13:33:35,585 INFO  [Log] ############   This is my login test again ################ 
2023-02-19 13:33:35,585 INFO  [Log] ########################## 
2023-02-19 13:33:35,585 INFO  [Log] ########################################## 
2023-03-03 11:01:54,934 INFO  [Log] ** 
2023-03-03 11:01:54,934 INFO  [Log] ** 
2023-03-03 11:01:54,934 INFO  [Log] ############   My first test case is Login test ################ 
2023-03-03 11:01:54,935 INFO  [Log] ** 
2023-03-03 11:01:54,935 INFO  [Log] ** 
2023-03-03 11:01:54,935 INFO  [Log] My login test is going on 
2023-03-03 11:01:54,935 INFO  [Log] My test case might be failed 
2023-03-03 11:02:03,336 INFO  [Log] My test case is about to complete 
2023-03-03 11:02:03,336 INFO  [Log] ################################## 
2023-03-03 11:02:03,336 INFO  [Log] ########################################## 
2023-03-03 11:02:03,336 INFO  [Log] ############   This is my login test again ################ 
2023-03-03 11:02:03,336 INFO  [Log] ########################## 
2023-03-03 11:02:03,336 INFO  [Log] ########################################## 
2023-03-03 11:07:11,862 INFO  [Log] ** 
2023-03-03 11:07:11,862 INFO  [Log] ** 
2023-03-03 11:07:11,862 INFO  [Log] ############   My first test case is Login test ################ 
2023-03-03 11:07:11,862 INFO  [Log] ** 
2023-03-03 11:07:11,862 INFO  [Log] ** 
2023-03-03 11:07:11,862 INFO  [Log] My login test is going on 
2023-03-03 11:07:11,862 INFO  [Log] My test case might be failed 
2023-03-03 11:07:57,584 INFO  [Log] My test case is about to complete 
2023-03-03 11:07:57,584 INFO  [Log] ################################## 
2023-03-03 11:07:57,584 INFO  [Log] ########################################## 
2023-03-03 11:07:57,584 INFO  [Log] ############   This is my login test again ################ 
2023-03-03 11:07:57,584 INFO  [Log] ########################## 
2023-03-03 11:07:57,584 INFO  [Log] ########################################## 
2023-05-18 14:10:52,744 INFO  [Log] ** 
2023-05-18 14:10:52,744 INFO  [Log] ** 
2023-05-18 14:10:52,744 INFO  [Log] ############   My first test case is Login test ################ 
2023-05-18 14:10:52,744 INFO  [Log] ** 
2023-05-18 14:10:52,744 INFO  [Log] ** 
2023-05-18 14:10:52,744 INFO  [Log] My login test is going on 
2023-05-18 14:10:52,744 INFO  [Log] My test case might be failed 
2023-05-18 14:11:00,258 INFO  [Log] My test case is about to complete 
2023-05-18 14:11:00,258 INFO  [Log] ################################## 
2023-05-18 14:11:00,258 INFO  [Log] ########################################## 
2023-05-18 14:11:00,258 INFO  [Log] ############   This is my login test again ################ 
2023-05-18 14:11:00,258 INFO  [Log] ########################## 
2023-05-18 14:11:00,258 INFO  [Log] ########################################## 
2023-05-19 20:45:10,005 INFO  [Log] ** 
2023-05-19 20:45:10,006 INFO  [Log] ** 
2023-05-19 20:45:10,006 INFO  [Log] ############   My first test case is Login test ################ 
2023-05-19 20:45:10,006 INFO  [Log] ** 
2023-05-19 20:45:10,006 INFO  [Log] ** 
2023-05-19 20:45:10,006 INFO  [Log] My login test is going on 
2023-05-19 20:45:10,006 INFO  [Log] My test case might be failed 
2023-05-19 20:45:24,939 INFO  [Log] My test case is about to complete 
2023-05-19 20:45:24,939 INFO  [Log] ################################## 
2023-05-19 20:45:24,939 INFO  [Log] ########################################## 
2023-05-19 20:45:24,939 INFO  [Log] ############   This is my login test again ################ 
2023-05-19 20:45:24,939 INFO  [Log] ########################## 
2023-05-19 20:45:24,939 INFO  [Log] ########################################## 
2023-05-23 15:51:10,848 INFO  [Log] ** 
2023-05-23 15:51:10,848 INFO  [Log] ** 
2023-05-23 15:51:10,848 INFO  [Log] ############   My first test case is Login test ################ 
2023-05-23 15:51:10,848 INFO  [Log] ** 
2023-05-23 15:51:10,848 INFO  [Log] ** 
2023-05-23 15:51:10,848 INFO  [Log] My login test is going on 
2023-05-23 15:51:10,848 INFO  [Log] My test case might be failed 
2023-05-23 15:51:57,282 INFO  [Log] My test case is about to complete 
2023-05-23 15:51:57,282 INFO  [Log] ################################## 
2023-05-23 15:51:57,282 INFO  [Log] ########################################## 
2023-05-23 15:51:57,282 INFO  [Log] ############   This is my login test again ################ 
2023-05-23 15:51:57,282 INFO  [Log] ########################## 
2023-05-23 15:51:57,282 INFO  [Log] ########################################## 
2023-05-23 18:08:08,353 INFO  [Log] ** 
2023-05-23 18:08:08,357 INFO  [Log] ** 
2023-05-23 18:08:08,357 INFO  [Log] ############   My first test case is Login test ################ 
2023-05-23 18:08:08,357 INFO  [Log] ** 
2023-05-23 18:08:08,357 INFO  [Log] ** 
2023-05-23 18:08:08,357 INFO  [Log] My login test is going on 
2023-05-23 18:08:08,357 INFO  [Log] My test case might be failed 
2023-05-23 18:08:24,724 INFO  [Log] My test case is about to complete 
2023-05-23 18:08:24,724 INFO  [Log] ################################## 
2023-05-23 18:08:24,724 INFO  [Log] ########################################## 
2023-05-23 18:08:24,724 INFO  [Log] ############   This is my login test again ################ 
2023-05-23 18:08:24,724 INFO  [Log] ########################## 
2023-05-23 18:08:24,724 INFO  [Log] ########################################## 
